# JRE version: Java(TM) SE Runtime Environment (11.0.6+8) (build 11.0.6+8-LTS)
# Java VM: Java HotSpot(TM) 64-Bit Server VM (11.0.6+8-LTS, mixed mode, tiered, compressed oops, g1 gc, windows-amd64)
Heap:
 garbage-first heap   total 131072K, used 14495K [0x0000000081a00000, 0x0000000100000000)
  region size 1024K, 9 young (9216K), 4 survivors (4096K)
 Metaspace       used 21218K, capacity 21930K, committed 21960K, reserved 1069056K
  class space    used 2406K, capacity 2677K, committed 2688K, reserved 1048576K
GC Heap History (8 events):
Event: 2.600 GC heap before
{Heap before GC invocations=0 (full 0):
 garbage-first heap   total 131072K, used 15360K [0x0000000081a00000, 0x0000000100000000)
  region size 1024K, 14 young (14336K), 0 survivors (0K)
 Metaspace       used 9657K, capacity 9842K, committed 9984K, reserved 1058816K
  class space    used 948K, capacity 1011K, committed 1024K, reserved 1048576K
}
Event: 2.611 GC heap after
{Heap after GC invocations=1 (full 0):
 garbage-first heap   total 131072K, used 6406K [0x0000000081a00000, 0x0000000100000000)
  region size 1024K, 2 young (2048K), 2 survivors (2048K)
 Metaspace       used 9657K, capacity 9842K, committed 9984K, reserved 1058816K
  class space    used 948K, capacity 1011K, committed 1024K, reserved 1048576K
}
Event: 2.708 GC heap before
{Heap before GC invocations=1 (full 0):
 garbage-first heap   total 131072K, used 10502K [0x0000000081a00000, 0x0000000100000000)
  region size 1024K, 6 young (6144K), 2 survivors (2048K)
 Metaspace       used 9842K, capacity 9976K, committed 10240K, reserved 1058816K
  class space    used 954K, capacity 1012K, committed 1024K, reserved 1048576K
}
Event: 2.715 GC heap after
{Heap after GC invocations=2 (full 0):
 garbage-first heap   total 131072K, used 6905K [0x0000000081a00000, 0x0000000100000000)
  region size 1024K, 1 young (1024K), 1 survivors (1024K)
 Metaspace       used 9842K, capacity 9976K, committed 10240K, reserved 1058816K
  class space    used 954K, capacity 1012K, committed 1024K, reserved 1048576K
}
Event: 4.470 GC heap before
{Heap before GC invocations=2 (full 0):
 garbage-first heap   total 131072K, used 27385K [0x0000000081a00000, 0x0000000100000000)
  region size 1024K, 21 young (21504K), 1 survivors (1024K)
 Metaspace       used 17013K, capacity 17456K, committed 17664K, reserved 1064960K
  class space    used 1801K, capacity 1977K, committed 2048K, reserved 1048576K
}
Event: 4.482 GC heap after
{Heap after GC invocations=3 (full 0):
 garbage-first heap   total 131072K, used 9069K [0x0000000081a00000, 0x0000000100000000)
  region size 1024K, 3 young (3072K), 3 survivors (3072K)
 Metaspace       used 17013K, capacity 17456K, committed 17664K, reserved 1064960K
  class space    used 1801K, capacity 1977K, committed 2048K, reserved 1048576K
}
Event: 5.589 GC heap before
{Heap before GC invocations=3 (full 0):
 garbage-first heap   total 131072K, used 73581K [0x0000000081a00000, 0x0000000100000000)
  region size 1024K, 68 young (69632K), 3 survivors (3072K)
 Metaspace       used 20506K, capacity 21141K, committed 21296K, reserved 1069056K
  class space    used 2311K, capacity 2585K, committed 2688K, reserved 1048576K
}
Event: 5.599 GC heap after
{Heap after GC invocations=4 (full 0):
 garbage-first heap   total 131072K, used 10399K [0x0000000081a00000, 0x0000000100000000)
  region size 1024K, 4 young (4096K), 4 survivors (4096K)
 Metaspace       used 20506K, capacity 21141K, committed 21296K, reserved 1069056K
  class space    used 2311K, capacity 2585K, committed 2688K, reserved 1048576K
}

